{"/home/lnv132/Documents/EMarket/controller/createProduct.js": {"path":"/home/lnv132/Documents/EMarket/controller/createProduct.js","statementMap":{"0":{"start":{"line":1,"column":18},"end":{"line":1,"column":46}},"1":{"start":{"line":3,"column":0},"end":{"line":23,"column":1}},"2":{"start":{"line":5,"column":4},"end":{"line":22,"column":5}},"3":{"start":{"line":6,"column":32},"end":{"line":6,"column":66}},"4":{"start":{"line":7,"column":12},"end":{"line":7,"column":103}},"5":{"start":{"line":7,"column":32},"end":{"line":7,"column":103}},"6":{"start":{"line":9,"column":24},"end":{"line":15,"column":10}},"7":{"start":{"line":16,"column":8},"end":{"line":16,"column":35}},"8":{"start":{"line":21,"column":8},"end":{"line":21,"column":17}}},"fnMap":{"0":{"name":"createProduct","decl":{"start":{"line":3,"column":32},"end":{"line":3,"column":45}},"loc":{"start":{"line":4,"column":0},"end":{"line":23,"column":1}},"line":4}},"branchMap":{"0":{"loc":{"start":{"line":7,"column":12},"end":{"line":7,"column":103}},"type":"if","locations":[{"start":{"line":7,"column":12},"end":{"line":7,"column":103}},{"start":{"line":7,"column":12},"end":{"line":7,"column":103}}],"line":7}},"s":{"0":1,"1":1,"2":1,"3":1,"4":1,"5":0,"6":1,"7":1,"8":0},"f":{"0":1},"b":{"0":[0,1]},"_coverageSchema":"332fd63041d2c1bcb487cc26dd0d5f7d97098a6c","hash":"5f3db0c4881bb2aa0b226a619cad4309acbfb8ac"}
,"/home/lnv132/Documents/EMarket/middleware/auth.js": {"path":"/home/lnv132/Documents/EMarket/middleware/auth.js","statementMap":{"0":{"start":{"line":1,"column":12},"end":{"line":1,"column":35}},"1":{"start":{"line":2,"column":15},"end":{"line":2,"column":32}},"2":{"start":{"line":4,"column":0},"end":{"line":20,"column":1}},"3":{"start":{"line":6,"column":18},"end":{"line":6,"column":44}},"4":{"start":{"line":8,"column":4},"end":{"line":8,"column":79}},"5":{"start":{"line":8,"column":15},"end":{"line":8,"column":79}},"6":{"start":{"line":10,"column":4},"end":{"line":19,"column":5}},"7":{"start":{"line":12,"column":24},"end":{"line":12,"column":71}},"8":{"start":{"line":13,"column":8},"end":{"line":13,"column":26}},"9":{"start":{"line":14,"column":8},"end":{"line":14,"column":14}},"10":{"start":{"line":18,"column":8},"end":{"line":18,"column":46}}},"fnMap":{"0":{"name":"(anonymous_0)","decl":{"start":{"line":4,"column":17},"end":{"line":4,"column":18}},"loc":{"start":{"line":5,"column":0},"end":{"line":20,"column":1}},"line":5}},"branchMap":{"0":{"loc":{"start":{"line":8,"column":4},"end":{"line":8,"column":79}},"type":"if","locations":[{"start":{"line":8,"column":4},"end":{"line":8,"column":79}},{"start":{"line":8,"column":4},"end":{"line":8,"column":79}}],"line":8}},"s":{"0":1,"1":1,"2":1,"3":1,"4":1,"5":0,"6":1,"7":1,"8":1,"9":1,"10":0},"f":{"0":1},"b":{"0":[0,1]},"_coverageSchema":"332fd63041d2c1bcb487cc26dd0d5f7d97098a6c","hash":"1bd790e6dc7ed990da34fb6f53a9a7d1b3f6efca"}
,"/home/lnv132/Documents/EMarket/models/product.js": {"path":"/home/lnv132/Documents/EMarket/models/product.js","statementMap":{"0":{"start":{"line":1,"column":12},"end":{"line":1,"column":26}},"1":{"start":{"line":2,"column":17},"end":{"line":2,"column":36}},"2":{"start":{"line":4,"column":22},"end":{"line":37,"column":2}},"3":{"start":{"line":39,"column":16},"end":{"line":39,"column":56}},"4":{"start":{"line":42,"column":17},"end":{"line":48,"column":4}},"5":{"start":{"line":50,"column":2},"end":{"line":50,"column":34}},"6":{"start":{"line":53,"column":0},"end":{"line":53,"column":38}},"7":{"start":{"line":54,"column":0},"end":{"line":54,"column":26}},"8":{"start":{"line":55,"column":0},"end":{"line":55,"column":35}}},"fnMap":{"0":{"name":"validateProduct","decl":{"start":{"line":41,"column":9},"end":{"line":41,"column":24}},"loc":{"start":{"line":41,"column":34},"end":{"line":51,"column":1}},"line":41}},"branchMap":{},"s":{"0":1,"1":1,"2":1,"3":1,"4":0,"5":0,"6":1,"7":1,"8":1},"f":{"0":0},"b":{},"_coverageSchema":"332fd63041d2c1bcb487cc26dd0d5f7d97098a6c","hash":"1ad88d1055a5427ad01cbb377c2e7713f3e8db92"}
,"/home/lnv132/Documents/EMarket/models/user.js": {"path":"/home/lnv132/Documents/EMarket/models/user.js","statementMap":{"0":{"start":{"line":1,"column":12},"end":{"line":1,"column":35}},"1":{"start":{"line":2,"column":15},"end":{"line":2,"column":32}},"2":{"start":{"line":3,"column":12},"end":{"line":3,"column":26}},"3":{"start":{"line":4,"column":17},"end":{"line":4,"column":36}},"4":{"start":{"line":6,"column":19},"end":{"line":28,"column":2}},"5":{"start":{"line":30,"column":0},"end":{"line":34,"column":1}},"6":{"start":{"line":32,"column":16},"end":{"line":32,"column":69}},"7":{"start":{"line":33,"column":2},"end":{"line":33,"column":14}},"8":{"start":{"line":36,"column":13},"end":{"line":36,"column":47}},"9":{"start":{"line":39,"column":17},"end":{"line":43,"column":4}},"10":{"start":{"line":45,"column":2},"end":{"line":45,"column":31}},"11":{"start":{"line":48,"column":0},"end":{"line":48,"column":32}},"12":{"start":{"line":49,"column":0},"end":{"line":49,"column":20}},"13":{"start":{"line":50,"column":0},"end":{"line":50,"column":32}}},"fnMap":{"0":{"name":"(anonymous_0)","decl":{"start":{"line":30,"column":39},"end":{"line":30,"column":40}},"loc":{"start":{"line":31,"column":0},"end":{"line":34,"column":1}},"line":31},"1":{"name":"validateUser","decl":{"start":{"line":38,"column":9},"end":{"line":38,"column":21}},"loc":{"start":{"line":38,"column":28},"end":{"line":46,"column":1}},"line":38}},"branchMap":{},"s":{"0":2,"1":2,"2":2,"3":2,"4":2,"5":2,"6":2,"7":2,"8":2,"9":0,"10":0,"11":2,"12":2,"13":2},"f":{"0":2,"1":0},"b":{},"_coverageSchema":"332fd63041d2c1bcb487cc26dd0d5f7d97098a6c","hash":"8d2b1b7819acf2748cf9ffc28c3faf25ef75c447"}
,"/home/lnv132/Documents/EMarket/tests/db.js": {"path":"/home/lnv132/Documents/EMarket/tests/db.js","statementMap":{"0":{"start":{"line":1,"column":17},"end":{"line":1,"column":36}},"1":{"start":{"line":2,"column":30},"end":{"line":2,"column":62}},"2":{"start":{"line":8,"column":0},"end":{"line":17,"column":7}},"3":{"start":{"line":10,"column":19},"end":{"line":10,"column":42}},"4":{"start":{"line":11,"column":4},"end":{"line":11,"column":25}},"5":{"start":{"line":12,"column":21},"end":{"line":12,"column":36}},"6":{"start":{"line":14,"column":4},"end":{"line":17,"column":6}},"7":{"start":{"line":19,"column":0},"end":{"line":24,"column":1}},"8":{"start":{"line":21,"column":4},"end":{"line":21,"column":44}},"9":{"start":{"line":22,"column":4},"end":{"line":22,"column":37}},"10":{"start":{"line":23,"column":4},"end":{"line":23,"column":23}},"11":{"start":{"line":27,"column":0},"end":{"line":35,"column":1}},"12":{"start":{"line":29,"column":24},"end":{"line":29,"column":55}},"13":{"start":{"line":30,"column":4},"end":{"line":34,"column":5}},"14":{"start":{"line":32,"column":27},"end":{"line":32,"column":43}},"15":{"start":{"line":33,"column":8},"end":{"line":33,"column":37}}},"fnMap":{"0":{"name":"(anonymous_0)","decl":{"start":{"line":9,"column":0},"end":{"line":9,"column":1}},"loc":{"start":{"line":9,"column":12},"end":{"line":17,"column":7}},"line":9},"1":{"name":"(anonymous_1)","decl":{"start":{"line":19,"column":31},"end":{"line":19,"column":32}},"loc":{"start":{"line":20,"column":0},"end":{"line":24,"column":1}},"line":20},"2":{"name":"(anonymous_2)","decl":{"start":{"line":27,"column":31},"end":{"line":27,"column":32}},"loc":{"start":{"line":28,"column":0},"end":{"line":35,"column":1}},"line":28}},"branchMap":{},"s":{"0":1,"1":1,"2":1,"3":1,"4":1,"5":1,"6":1,"7":1,"8":1,"9":1,"10":1,"11":1,"12":1,"13":1,"14":1,"15":1},"f":{"0":1,"1":1,"2":1},"b":{},"_coverageSchema":"332fd63041d2c1bcb487cc26dd0d5f7d97098a6c","hash":"93e99f97d51d0263a514e6b1752dfbd58dc54be5"}
}
