TN:
SF:/home/lnv132/Documents/EMarket/controller/createProduct.js
FN:3,createProduct
FNF:1
FNH:1
FNDA:1,createProduct
DA:1,1
DA:3,1
DA:5,1
DA:6,1
DA:7,1
DA:9,1
DA:16,1
DA:21,0
LF:8
LH:7
BRDA:7,0,0,0
BRDA:7,0,1,1
BRF:2
BRH:1
end_of_record
TN:
SF:/home/lnv132/Documents/EMarket/middleware/auth.js
FN:4,(anonymous_0)
FNF:1
FNH:1
FNDA:1,(anonymous_0)
DA:1,1
DA:2,1
DA:4,1
DA:6,1
DA:8,1
DA:10,1
DA:12,1
DA:13,1
DA:14,1
DA:18,0
LF:10
LH:9
BRDA:8,0,0,0
BRDA:8,0,1,1
BRF:2
BRH:1
end_of_record
TN:
SF:/home/lnv132/Documents/EMarket/models/product.js
FN:41,validateProduct
FNF:1
FNH:0
FNDA:0,validateProduct
DA:1,1
DA:2,1
DA:4,1
DA:39,1
DA:42,0
DA:50,0
DA:53,1
DA:54,1
DA:55,1
LF:9
LH:7
BRF:0
BRH:0
end_of_record
TN:
SF:/home/lnv132/Documents/EMarket/models/user.js
FN:30,(anonymous_0)
FN:38,validateUser
FNF:2
FNH:1
FNDA:2,(anonymous_0)
FNDA:0,validateUser
DA:1,2
DA:2,2
DA:3,2
DA:4,2
DA:6,2
DA:30,2
DA:32,2
DA:33,2
DA:36,2
DA:39,0
DA:45,0
DA:48,2
DA:49,2
DA:50,2
LF:14
LH:12
BRF:0
BRH:0
end_of_record
TN:
SF:/home/lnv132/Documents/EMarket/tests/db.js
FN:9,(anonymous_0)
FN:19,(anonymous_1)
FN:27,(anonymous_2)
FNF:3
FNH:3
FNDA:1,(anonymous_0)
FNDA:1,(anonymous_1)
FNDA:1,(anonymous_2)
DA:1,1
DA:2,1
DA:8,1
DA:10,1
DA:11,1
DA:12,1
DA:14,1
DA:19,1
DA:21,1
DA:22,1
DA:23,1
DA:27,1
DA:29,1
DA:30,1
DA:32,1
DA:33,1
LF:16
LH:16
BRF:0
BRH:0
end_of_record
